\BOOKMARK [1][-]{section.1}{Key ingredients}{}% 1
\BOOKMARK [2][-]{subsection.1.1}{tasks}{section.1}% 2
\BOOKMARK [2][-]{subsection.1.2}{models}{section.1}% 3
\BOOKMARK [2][-]{subsection.1.3}{features}{section.1}% 4
\BOOKMARK [1][-]{section.2}{Classification}{}% 5
\BOOKMARK [2][-]{subsection.2.1}{binary classification}{section.2}% 6
\BOOKMARK [2][-]{subsection.2.2}{scoring \046 ranking}{section.2}% 7
\BOOKMARK [2][-]{subsection.2.3}{probability estimation}{section.2}% 8
\BOOKMARK [1][-]{section.3}{Concept learning}{}% 9
\BOOKMARK [2][-]{subsection.3.1}{hypothesis space}{section.3}% 10
\BOOKMARK [2][-]{subsection.3.2}{pathes through hypothesis space}{section.3}% 11
\BOOKMARK [2][-]{subsection.3.3}{beyond conjunctive concepts}{section.3}% 12
\BOOKMARK [2][-]{subsection.3.4}{learnability}{section.3}% 13
\BOOKMARK [1][-]{section.4}{Decision trees}{}% 14
\BOOKMARK [2][-]{subsection.4.1}{decision tree}{section.4}% 15
\BOOKMARK [2][-]{subsection.4.2}{ranking \046 probabilities}{section.4}% 16
\BOOKMARK [2][-]{subsection.4.3}{tree learning as variance reduction}{section.4}% 17
\BOOKMARK [1][-]{section.5}{Linear models}{}% 18
\BOOKMARK [2][-]{subsection.5.1}{least-square}{section.5}% 19
\BOOKMARK [2][-]{subsection.5.2}{perceptron}{section.5}% 20
\BOOKMARK [2][-]{subsection.5.3}{svm}{section.5}% 21
\BOOKMARK [2][-]{subsection.5.4}{non-linear \046 probabilities}{section.5}% 22
\BOOKMARK [1][-]{section.6}{beyond binary classification}{}% 23
\BOOKMARK [2][-]{subsection.6.1}{multi classes}{section.6}% 24
\BOOKMARK [2][-]{subsection.6.2}{regression}{section.6}% 25
\BOOKMARK [2][-]{subsection.6.3}{unsupervised \046 descriptive learning}{section.6}% 26
\BOOKMARK [1][-]{section.7}{Distance-based models}{}% 27
\BOOKMARK [1][-]{section.8}{Probabilistic models}{}% 28
\BOOKMARK [1][-]{section.9}{Features}{}% 29
\BOOKMARK [1][-]{section.10}{Model ensembles}{}% 30
\BOOKMARK [1][-]{section.11}{ML experiments}{}% 31
\BOOKMARK [1][-]{section.12}{Neural network}{}% 32
